{"level":"info","message":"Tentativo di creare un dipendente ricevuto","service":"user-service","timestamp":"2024-10-09 18:57:06"}
{"level":"info","message":"dipendente creato","service":"user-service","timestamp":"2024-10-09 18:57:06"}
{"level":"info","message":"Dipendente creato","service":"user-service","timestamp":"2024-10-09 18:57:06"}
{"level":"info","message":"Tentativo di eliminare un dipendente ricevuto","service":"user-service","timestamp":"2024-10-09 23:56:54"}
{"level":"info","message":"dipendente eliminato","service":"user-service","timestamp":"2024-10-09 23:56:54"}
{"level":"info","message":"Dipendente eliminato","service":"user-service","timestamp":"2024-10-09 23:56:54"}
{"level":"info","message":"Tentativo di eliminare un dipendente ricevuto","service":"user-service","timestamp":"2024-10-09 23:57:06"}
{"level":"warn","message":"Dipendente non esistente","service":"user-service","timestamp":"2024-10-09 23:57:06"}
{"level":"info","message":"Dipendente eliminato","service":"user-service","timestamp":"2024-10-09 23:57:06"}
{"level":"info","message":"Tentativo di eliminare un dipendente ricevuto","service":"user-service","timestamp":"2024-10-09 23:57:06"}
{"level":"warn","message":"Dipendente non esistente","service":"user-service","timestamp":"2024-10-09 23:57:06"}
{"level":"info","message":"Dipendente eliminato","service":"user-service","timestamp":"2024-10-09 23:57:06"}
{"level":"info","message":"Tentativo di creare un dipendente ricevuto","service":"user-service","timestamp":"2024-10-10 19:47:11"}
{"level":"info","message":"dipendente creato","service":"user-service","timestamp":"2024-10-10 19:47:11"}
{"level":"info","message":"Dipendente creato","service":"user-service","timestamp":"2024-10-10 19:47:11"}
{"level":"info","message":"Tentativo di aggiornare un dipendente ricevuto","service":"user-service","timestamp":"2024-10-10 19:49:30"}
{"level":"info","message":"dipendente aggiornato","service":"user-service","timestamp":"2024-10-10 19:49:30"}
{"level":"info","message":"Dipendente aggiornato","service":"user-service","timestamp":"2024-10-10 19:49:30"}
{"level":"info","message":"Tentativo di eliminare un dipendente ricevuto","service":"user-service","timestamp":"2024-10-10 19:49:44"}
{"level":"info","message":"dipendente eliminato","service":"user-service","timestamp":"2024-10-10 19:49:44"}
{"level":"info","message":"Dipendente eliminato","service":"user-service","timestamp":"2024-10-10 19:49:44"}
